ARM GAS  /var/folders/41/s_9r3f9s4p3_9jgx7wszdkhh0000gn/T//cco5lEF9.s 			page 1


   1              		.cpu cortex-m7
   2              		.arch armv7e-m
   3              		.fpu fpv5-d16
   4              		.eabi_attribute 28, 1
   5              		.eabi_attribute 20, 1
   6              		.eabi_attribute 21, 1
   7              		.eabi_attribute 23, 3
   8              		.eabi_attribute 24, 1
   9              		.eabi_attribute 25, 1
  10              		.eabi_attribute 26, 1
  11              		.eabi_attribute 30, 2
  12              		.eabi_attribute 34, 1
  13              		.eabi_attribute 18, 4
  14              		.file	"sampleplayer.cpp"
  15              		.text
  16              	.Ltext0:
  17              		.cfi_sections	.debug_frame
  18              		.section	.text._ZN5daisy12SamplePlayer4InitEPKjf,"ax",%progbits
  19              		.align	1
  20              		.p2align 2,,3
  21              		.global	_ZN5daisy12SamplePlayer4InitEPKjf
  22              		.syntax unified
  23              		.thumb
  24              		.thumb_func
  26              	_ZN5daisy12SamplePlayer4InitEPKjf:
  27              	.LVL0:
  28              	.LFB2575:
  29              		.file 1 "src/audio/sampleplayer.cpp"
   1:src/audio/sampleplayer.cpp **** #include <cstring>
   2:src/audio/sampleplayer.cpp **** #include "sampleplayer.h"
   3:src/audio/sampleplayer.cpp **** 
   4:src/audio/sampleplayer.cpp **** // to add more f=lexibility to the thing I need to add support for 24 bit wave files as well as pit
   5:src/audio/sampleplayer.cpp **** 
   6:src/audio/sampleplayer.cpp **** using namespace daisy;
   7:src/audio/sampleplayer.cpp **** 
   8:src/audio/sampleplayer.cpp **** void SamplePlayer::Init(const unsigned int* sample, float samplerate_)
   9:src/audio/sampleplayer.cpp **** {
  30              		.loc 1 9 1 view -0
  31              		.cfi_startproc
  32              		@ args = 0, pretend = 0, frame = 0
  33              		@ frame_needed = 0, uses_anonymous_args = 0
  34              		@ link register save eliminated.
  10:src/audio/sampleplayer.cpp ****     // First check for all .wav files, and add them to the list until its full or there are no more
  11:src/audio/sampleplayer.cpp ****     // Only checks '/'
  12:src/audio/sampleplayer.cpp ****     samplerate = samplerate_;
  35              		.loc 1 12 5 view .LVU1
  13:src/audio/sampleplayer.cpp ****     playing_  = false;
  14:src/audio/sampleplayer.cpp ****     looping_  = false;
  36              		.loc 1 14 15 is_stmt 0 view .LVU2
  37 0000 0023     		movs	r3, #0
  12:src/audio/sampleplayer.cpp ****     playing_  = false;
  38              		.loc 1 12 16 view .LVU3
  39 0002 80ED060A 		vstr.32	s0, [r0, #24]
  13:src/audio/sampleplayer.cpp ****     playing_  = false;
  40              		.loc 1 13 5 is_stmt 1 view .LVU4
  41              		.loc 1 14 5 view .LVU5
  42              		.loc 1 14 15 is_stmt 0 view .LVU6
ARM GAS  /var/folders/41/s_9r3f9s4p3_9jgx7wszdkhh0000gn/T//cco5lEF9.s 			page 2


  43 0006 8382     		strh	r3, [r0, #20]	@ movhi
  15:src/audio/sampleplayer.cpp **** }
  44              		.loc 1 15 1 view .LVU7
  45 0008 7047     		bx	lr
  46              		.cfi_endproc
  47              	.LFE2575:
  49 000a 00BF     		.section	.text._ZN5daisy12SamplePlayer12DeinterleaveEv,"ax",%progbits
  50              		.align	1
  51              		.p2align 2,,3
  52              		.global	_ZN5daisy12SamplePlayer12DeinterleaveEv
  53              		.syntax unified
  54              		.thumb
  55              		.thumb_func
  57              	_ZN5daisy12SamplePlayer12DeinterleaveEv:
  58              	.LVL1:
  59              	.LFB2576:
  16:src/audio/sampleplayer.cpp **** 
  17:src/audio/sampleplayer.cpp **** void SamplePlayer::Deinterleave() {
  60              		.loc 1 17 35 is_stmt 1 view -0
  61              		.cfi_startproc
  62              		@ args = 0, pretend = 0, frame = 0
  63              		@ frame_needed = 0, uses_anonymous_args = 0
  64              		@ link register save eliminated.
  18:src/audio/sampleplayer.cpp **** 
  19:src/audio/sampleplayer.cpp **** }
  65              		.loc 1 19 1 is_stmt 0 view .LVU9
  66 0000 7047     		bx	lr
  67              		.cfi_endproc
  68              	.LFE2576:
  70 0002 00BF     		.section	.text._ZN5daisy12SamplePlayer7ProcessERf,"ax",%progbits
  71              		.align	1
  72              		.p2align 2,,3
  73              		.global	_ZN5daisy12SamplePlayer7ProcessERf
  74              		.syntax unified
  75              		.thumb
  76              		.thumb_func
  78              	_ZN5daisy12SamplePlayer7ProcessERf:
  79              	.LVL2:
  80              	.LFB2577:
  20:src/audio/sampleplayer.cpp **** 
  21:src/audio/sampleplayer.cpp **** void SamplePlayer::Process(float& out) {
  81              		.loc 1 21 40 is_stmt 1 view -0
  82              		.cfi_startproc
  83              		@ args = 0, pretend = 0, frame = 0
  84              		@ frame_needed = 0, uses_anonymous_args = 0
  22:src/audio/sampleplayer.cpp **** 
  23:src/audio/sampleplayer.cpp ****     if (!playing_) {
  85              		.loc 1 23 5 view .LVU11
  86 0000 437D     		ldrb	r3, [r0, #21]	@ zero_extendqisi2
  87 0002 002B     		cmp	r3, #0
  88 0004 00F08A80 		beq	.L12
  24:src/audio/sampleplayer.cpp ****         return; // if its not playing then do nothing
  25:src/audio/sampleplayer.cpp ****     }
  26:src/audio/sampleplayer.cpp **** 
  27:src/audio/sampleplayer.cpp ****     int32_t pos_integral   = static_cast<int32_t>(pos_);
  89              		.loc 1 27 5 view .LVU12
  28:src/audio/sampleplayer.cpp ****     float   pos_fractional = pos_ - static_cast<float>(pos_integral);
ARM GAS  /var/folders/41/s_9r3f9s4p3_9jgx7wszdkhh0000gn/T//cco5lEF9.s 			page 3


  29:src/audio/sampleplayer.cpp **** 
  30:src/audio/sampleplayer.cpp ****     int32_t     t     = (pos_integral + size_);
  90              		.loc 1 30 41 is_stmt 0 view .LVU13
  91 0008 0369     		ldr	r3, [r0, #16]
  31:src/audio/sampleplayer.cpp ****     int32_t     xm1   = wave->sample[0][(t - 1) % size_];
  32:src/audio/sampleplayer.cpp ****     int32_t     x0    = wave->sample[0][(t) % size_];
  33:src/audio/sampleplayer.cpp ****     int32_t     x1    = wave->sample[0][(t + 1) % size_];
  34:src/audio/sampleplayer.cpp ****     int32_t     x2    = wave->sample[0][(t + 2) % size_];
  35:src/audio/sampleplayer.cpp ****     const float c     = (x1 - xm1) * 0.5f;
  36:src/audio/sampleplayer.cpp ****     const float v     = x0 - x1;
  37:src/audio/sampleplayer.cpp ****     const float w     = c + v;
  92              		.loc 1 37 17 view .LVU14
  93 000a F6EE003A 		vmov.f32	s7, #5.0e-1
  27:src/audio/sampleplayer.cpp ****     float   pos_fractional = pos_ - static_cast<float>(pos_integral);
  94              		.loc 1 27 51 view .LVU15
  95 000e 90ED085B 		vldr.64	d5, [r0, #32]
  21:src/audio/sampleplayer.cpp **** 
  96              		.loc 1 21 40 view .LVU16
  97 0012 F0B5     		push	{r4, r5, r6, r7, lr}
  98              		.cfi_def_cfa_offset 20
  99              		.cfi_offset 4, -20
 100              		.cfi_offset 5, -16
 101              		.cfi_offset 6, -12
 102              		.cfi_offset 7, -8
 103              		.cfi_offset 14, -4
  27:src/audio/sampleplayer.cpp ****     float   pos_fractional = pos_ - static_cast<float>(pos_integral);
 104              		.loc 1 27 13 view .LVU17
 105 0014 BDEEC57B 		vcvt.s32.f64	s14, d5
 106              	.LVL3:
  28:src/audio/sampleplayer.cpp **** 
 107              		.loc 1 28 5 is_stmt 1 view .LVU18
  31:src/audio/sampleplayer.cpp ****     int32_t     x0    = wave->sample[0][(t) % size_];
 108              		.loc 1 31 25 is_stmt 0 view .LVU19
 109 0018 0768     		ldr	r7, [r0]
  38:src/audio/sampleplayer.cpp ****     const float a     = w + v + (x2 - x0) * 0.5f;
  39:src/audio/sampleplayer.cpp ****     const float b_neg = w + a;
  40:src/audio/sampleplayer.cpp ****     const float f     = pos_fractional;
  41:src/audio/sampleplayer.cpp **** 
  42:src/audio/sampleplayer.cpp ****     int32_t interpolated = (((a * f) - b_neg) * f + c) * f + x0;
  43:src/audio/sampleplayer.cpp **** 
  44:src/audio/sampleplayer.cpp ****     if (wave->format.BitPerSample == 16) {
 110              		.loc 1 44 5 view .LVU20
 111 001a B7F822E0 		ldrh	lr, [r7, #34]
  30:src/audio/sampleplayer.cpp ****     int32_t     xm1   = wave->sample[0][(t - 1) % size_];
 112              		.loc 1 30 39 view .LVU21
 113 001e 17EE102A 		vmov	r2, s14	@ int
  28:src/audio/sampleplayer.cpp **** 
 114              		.loc 1 28 37 view .LVU22
 115 0022 B8EEC77A 		vcvt.f32.s32	s14, s14
 116              	.LVL4:
 117              		.loc 1 44 5 view .LVU23
 118 0026 BEF1100F 		cmp	lr, #16
  30:src/audio/sampleplayer.cpp ****     int32_t     xm1   = wave->sample[0][(t - 1) % size_];
 119              		.loc 1 30 39 view .LVU24
 120 002a 1A44     		add	r2, r2, r3
 121              	.LVL5:
  28:src/audio/sampleplayer.cpp **** 
ARM GAS  /var/folders/41/s_9r3f9s4p3_9jgx7wszdkhh0000gn/T//cco5lEF9.s 			page 4


 122              		.loc 1 28 37 view .LVU25
 123 002c B7EEC77A 		vcvt.f64.f32	d7, s14
  33:src/audio/sampleplayer.cpp ****     int32_t     x2    = wave->sample[0][(t + 2) % size_];
 124              		.loc 1 33 44 view .LVU26
 125 0030 02F10105 		add	r5, r2, #1
  31:src/audio/sampleplayer.cpp ****     int32_t     x0    = wave->sample[0][(t) % size_];
 126              		.loc 1 31 44 view .LVU27
 127 0034 02F1FF34 		add	r4, r2, #-1
  34:src/audio/sampleplayer.cpp ****     const float c     = (x1 - xm1) * 0.5f;
 128              		.loc 1 34 44 view .LVU28
 129 0038 02F1020C 		add	ip, r2, #2
  28:src/audio/sampleplayer.cpp **** 
 130              		.loc 1 28 35 view .LVU29
 131 003c 35EE477B 		vsub.f64	d7, d5, d7
  32:src/audio/sampleplayer.cpp ****     int32_t     x1    = wave->sample[0][(t + 1) % size_];
 132              		.loc 1 32 45 view .LVU30
 133 0040 B2FBF3F6 		udiv	r6, r2, r3
 134 0044 03FB1626 		mls	r6, r3, r6, r2
  28:src/audio/sampleplayer.cpp **** 
 135              		.loc 1 28 13 view .LVU31
 136 0048 B7EEC77B 		vcvt.f32.f64	s14, d7
 137              	.LVL6:
  30:src/audio/sampleplayer.cpp ****     int32_t     xm1   = wave->sample[0][(t - 1) % size_];
 138              		.loc 1 30 5 is_stmt 1 view .LVU32
  31:src/audio/sampleplayer.cpp ****     int32_t     x0    = wave->sample[0][(t) % size_];
 139              		.loc 1 31 5 view .LVU33
  33:src/audio/sampleplayer.cpp ****     int32_t     x2    = wave->sample[0][(t + 2) % size_];
 140              		.loc 1 33 49 is_stmt 0 view .LVU34
 141 004c B5FBF3F2 		udiv	r2, r5, r3
 142              	.LVL7:
  33:src/audio/sampleplayer.cpp ****     int32_t     x2    = wave->sample[0][(t + 2) % size_];
 143              		.loc 1 33 49 view .LVU35
 144 0050 03FB1252 		mls	r2, r3, r2, r5
  31:src/audio/sampleplayer.cpp ****     int32_t     x0    = wave->sample[0][(t) % size_];
 145              		.loc 1 31 49 view .LVU36
 146 0054 B4FBF3F5 		udiv	r5, r4, r3
 147 0058 03FB1544 		mls	r4, r3, r5, r4
  31:src/audio/sampleplayer.cpp ****     int32_t     x0    = wave->sample[0][(t) % size_];
 148              		.loc 1 31 39 view .LVU37
 149 005c D7F82C51 		ldr	r5, [r7, #300]
 150 0060 2D68     		ldr	r5, [r5]
 151              	.LVL8:
  32:src/audio/sampleplayer.cpp ****     int32_t     x1    = wave->sample[0][(t + 1) % size_];
 152              		.loc 1 32 5 is_stmt 1 view .LVU38
  32:src/audio/sampleplayer.cpp ****     int32_t     x1    = wave->sample[0][(t + 1) % size_];
 153              		.loc 1 32 17 is_stmt 0 view .LVU39
 154 0062 55F82660 		ldr	r6, [r5, r6, lsl #2]
 155              	.LVL9:
  33:src/audio/sampleplayer.cpp ****     int32_t     x2    = wave->sample[0][(t + 2) % size_];
 156              		.loc 1 33 5 is_stmt 1 view .LVU40
  33:src/audio/sampleplayer.cpp ****     int32_t     x2    = wave->sample[0][(t + 2) % size_];
 157              		.loc 1 33 17 is_stmt 0 view .LVU41
 158 0066 55F82220 		ldr	r2, [r5, r2, lsl #2]
 159              	.LVL10:
  34:src/audio/sampleplayer.cpp ****     const float c     = (x1 - xm1) * 0.5f;
 160              		.loc 1 34 5 is_stmt 1 view .LVU42
  35:src/audio/sampleplayer.cpp ****     const float v     = x0 - x1;
ARM GAS  /var/folders/41/s_9r3f9s4p3_9jgx7wszdkhh0000gn/T//cco5lEF9.s 			page 5


 161              		.loc 1 35 5 view .LVU43
  35:src/audio/sampleplayer.cpp ****     const float v     = x0 - x1;
 162              		.loc 1 35 29 is_stmt 0 view .LVU44
 163 006a 55F82440 		ldr	r4, [r5, r4, lsl #2]
  42:src/audio/sampleplayer.cpp **** 
 164              		.loc 1 42 60 view .LVU45
 165 006e 07EE906A 		vmov	s15, r6	@ int
  35:src/audio/sampleplayer.cpp ****     const float v     = x0 - x1;
 166              		.loc 1 35 29 view .LVU46
 167 0072 A2EB0404 		sub	r4, r2, r4
  42:src/audio/sampleplayer.cpp **** 
 168              		.loc 1 42 60 view .LVU47
 169 0076 F8EEE76A 		vcvt.f32.s32	s13, s15
  36:src/audio/sampleplayer.cpp ****     const float w     = c + v;
 170              		.loc 1 36 28 view .LVU48
 171 007a A6EB0202 		sub	r2, r6, r2
 172              	.LVL11:
  35:src/audio/sampleplayer.cpp ****     const float v     = x0 - x1;
 173              		.loc 1 35 36 view .LVU49
 174 007e 07EE904A 		vmov	s15, r4	@ int
 175 0082 F8EEE74A 		vcvt.f32.s32	s9, s15
 176              	.LVL12:
  36:src/audio/sampleplayer.cpp ****     const float w     = c + v;
 177              		.loc 1 36 5 is_stmt 1 view .LVU50
  36:src/audio/sampleplayer.cpp ****     const float w     = c + v;
 178              		.loc 1 36 28 is_stmt 0 view .LVU51
 179 0086 07EE902A 		vmov	s15, r2	@ int
  34:src/audio/sampleplayer.cpp ****     const float c     = (x1 - xm1) * 0.5f;
 180              		.loc 1 34 49 view .LVU52
 181 008a BCFBF3F2 		udiv	r2, ip, r3
  36:src/audio/sampleplayer.cpp ****     const float w     = c + v;
 182              		.loc 1 36 17 view .LVU53
 183 008e F8EEE77A 		vcvt.f32.s32	s15, s15
 184              	.LVL13:
  37:src/audio/sampleplayer.cpp ****     const float a     = w + v + (x2 - x0) * 0.5f;
 185              		.loc 1 37 5 is_stmt 1 view .LVU54
  34:src/audio/sampleplayer.cpp ****     const float c     = (x1 - xm1) * 0.5f;
 186              		.loc 1 34 49 is_stmt 0 view .LVU55
 187 0092 03FB12CC 		mls	ip, r3, r2, ip
 188              	.LVL14:
  38:src/audio/sampleplayer.cpp ****     const float b_neg = w + a;
 189              		.loc 1 38 37 view .LVU56
 190 0096 55F82C20 		ldr	r2, [r5, ip, lsl #2]
  37:src/audio/sampleplayer.cpp ****     const float a     = w + v + (x2 - x0) * 0.5f;
 191              		.loc 1 37 17 view .LVU57
 192 009a B0EE676A 		vmov.f32	s12, s15
  38:src/audio/sampleplayer.cpp ****     const float b_neg = w + a;
 193              		.loc 1 38 37 view .LVU58
 194 009e A2EB0602 		sub	r2, r2, r6
  37:src/audio/sampleplayer.cpp ****     const float a     = w + v + (x2 - x0) * 0.5f;
 195              		.loc 1 37 17 view .LVU59
 196 00a2 A4EEA36A 		vfma.f32	s12, s9, s7
 197              	.LVL15:
  38:src/audio/sampleplayer.cpp ****     const float b_neg = w + a;
 198              		.loc 1 38 5 is_stmt 1 view .LVU60
  38:src/audio/sampleplayer.cpp ****     const float b_neg = w + a;
 199              		.loc 1 38 43 is_stmt 0 view .LVU61
ARM GAS  /var/folders/41/s_9r3f9s4p3_9jgx7wszdkhh0000gn/T//cco5lEF9.s 			page 6


 200 00a6 04EE102A 		vmov	s8, r2	@ int
 201 00aa B8EEC44A 		vcvt.f32.s32	s8, s8
  38:src/audio/sampleplayer.cpp ****     const float b_neg = w + a;
 202              		.loc 1 38 27 view .LVU62
 203 00ae 77EE867A 		vadd.f32	s15, s15, s12
 204              	.LVL16:
  38:src/audio/sampleplayer.cpp ****     const float b_neg = w + a;
 205              		.loc 1 38 17 view .LVU63
 206 00b2 E4EE237A 		vfma.f32	s15, s8, s7
 207              	.LVL17:
  39:src/audio/sampleplayer.cpp ****     const float f     = pos_fractional;
 208              		.loc 1 39 5 is_stmt 1 view .LVU64
  40:src/audio/sampleplayer.cpp **** 
 209              		.loc 1 40 5 view .LVU65
  42:src/audio/sampleplayer.cpp **** 
 210              		.loc 1 42 5 view .LVU66
  39:src/audio/sampleplayer.cpp ****     const float f     = pos_fractional;
 211              		.loc 1 39 17 is_stmt 0 view .LVU67
 212 00b6 36EE276A 		vadd.f32	s12, s12, s15
 213              	.LVL18:
  42:src/audio/sampleplayer.cpp **** 
 214              		.loc 1 42 38 view .LVU68
 215 00ba 97EE276A 		vfnms.f32	s12, s14, s15
 216              	.LVL19:
  42:src/audio/sampleplayer.cpp **** 
 217              		.loc 1 42 60 view .LVU69
 218 00be F0EE667A 		vmov.f32	s15, s13
 219              	.LVL20:
  42:src/audio/sampleplayer.cpp **** 
 220              		.loc 1 42 47 view .LVU70
 221 00c2 26EE076A 		vmul.f32	s12, s12, s14
  42:src/audio/sampleplayer.cpp **** 
 222              		.loc 1 42 51 view .LVU71
 223 00c6 A4EEA36A 		vfma.f32	s12, s9, s7
  42:src/audio/sampleplayer.cpp **** 
 224              		.loc 1 42 60 view .LVU72
 225 00ca E6EE077A 		vfma.f32	s15, s12, s14
  42:src/audio/sampleplayer.cpp **** 
 226              		.loc 1 42 13 view .LVU73
 227 00ce FDEEE77A 		vcvt.s32.f32	s15, s15
 228              	.LVL21:
 229              		.loc 1 44 5 is_stmt 1 view .LVU74
 230              	.LBB16:
 231              	.LBB17:
 232              		.file 2 "../DaisyExamples/libDaisy//src/daisy_core.h"
   1:../DaisyExamples/libDaisy//src/daisy_core.h **** #pragma once
   2:../DaisyExamples/libDaisy//src/daisy_core.h **** #ifndef DSY_CORE_HW_H
   3:../DaisyExamples/libDaisy//src/daisy_core.h **** #define DSY_CORE_HW_H /**< & */
   4:../DaisyExamples/libDaisy//src/daisy_core.h **** #include <stdint.h>
   5:../DaisyExamples/libDaisy//src/daisy_core.h **** #include <stdlib.h>
   6:../DaisyExamples/libDaisy//src/daisy_core.h **** 
   7:../DaisyExamples/libDaisy//src/daisy_core.h **** #if defined(_MSC_VER)
   8:../DaisyExamples/libDaisy//src/daisy_core.h **** #define FORCE_INLINE __forceinline /**< & */
   9:../DaisyExamples/libDaisy//src/daisy_core.h **** #elif defined(__clang__)
  10:../DaisyExamples/libDaisy//src/daisy_core.h **** #define FORCE_INLINE inline __attribute__((always_inline)) /**< & */
  11:../DaisyExamples/libDaisy//src/daisy_core.h **** #pragma clang diagnostic ignored "-Wduplicate-decl-specifier"
  12:../DaisyExamples/libDaisy//src/daisy_core.h **** #elif defined(__GNUC__)
ARM GAS  /var/folders/41/s_9r3f9s4p3_9jgx7wszdkhh0000gn/T//cco5lEF9.s 			page 7


  13:../DaisyExamples/libDaisy//src/daisy_core.h **** #define FORCE_INLINE inline __attribute__((always_inline)) /**< & */
  14:../DaisyExamples/libDaisy//src/daisy_core.h **** #else
  15:../DaisyExamples/libDaisy//src/daisy_core.h **** #error unknown compiler
  16:../DaisyExamples/libDaisy//src/daisy_core.h **** #endif
  17:../DaisyExamples/libDaisy//src/daisy_core.h **** 
  18:../DaisyExamples/libDaisy//src/daisy_core.h **** /** @addtogroup utility
  19:../DaisyExamples/libDaisy//src/daisy_core.h ****     @{
  20:../DaisyExamples/libDaisy//src/daisy_core.h **** */
  21:../DaisyExamples/libDaisy//src/daisy_core.h **** 
  22:../DaisyExamples/libDaisy//src/daisy_core.h **** /** Macro for area of memory that is configured as cacheless
  23:../DaisyExamples/libDaisy//src/daisy_core.h **** This should be used primarily for DMA buffers, and the like.
  24:../DaisyExamples/libDaisy//src/daisy_core.h **** */
  25:../DaisyExamples/libDaisy//src/daisy_core.h **** #define DMA_BUFFER_MEM_SECTION __attribute__((section(".sram1_bss")))
  26:../DaisyExamples/libDaisy//src/daisy_core.h **** /** 
  27:../DaisyExamples/libDaisy//src/daisy_core.h **** THE DTCM RAM section is also non-cached. However, is not suitable 
  28:../DaisyExamples/libDaisy//src/daisy_core.h **** for DMA transfers. Performance is on par with internal SRAM w/ 
  29:../DaisyExamples/libDaisy//src/daisy_core.h **** cache enabled.
  30:../DaisyExamples/libDaisy//src/daisy_core.h **** */
  31:../DaisyExamples/libDaisy//src/daisy_core.h **** #define DTCM_MEM_SECTION __attribute__((section(".dtcmram_bss")))
  32:../DaisyExamples/libDaisy//src/daisy_core.h **** 
  33:../DaisyExamples/libDaisy//src/daisy_core.h **** #define FBIPMAX 0.999985f             /**< close to 1.0f-LSB at 16 bit */
  34:../DaisyExamples/libDaisy//src/daisy_core.h **** #define FBIPMIN (-FBIPMAX)            /**< - (1 - LSB) */
  35:../DaisyExamples/libDaisy//src/daisy_core.h **** #define U82F_SCALE 0.0078740f         /**< 1 / 127 */
  36:../DaisyExamples/libDaisy//src/daisy_core.h **** #define F2U8_SCALE 127.0f             /**< 128 - 1 */
  37:../DaisyExamples/libDaisy//src/daisy_core.h **** #define S82F_SCALE 0.0078125f         /**< 1 / (2**7) */
  38:../DaisyExamples/libDaisy//src/daisy_core.h **** #define F2S8_SCALE 127.0f             /**< (2 ** 7) - 1 */
  39:../DaisyExamples/libDaisy//src/daisy_core.h **** #define S162F_SCALE 3.0517578125e-05f /**< 1 / (2** 15) */
  40:../DaisyExamples/libDaisy//src/daisy_core.h **** #define F2S16_SCALE 32767.0f          /**< (2 ** 15) - 1 */
  41:../DaisyExamples/libDaisy//src/daisy_core.h **** #define F2S24_SCALE 8388608.0f        /**< 2 ** 23 */
  42:../DaisyExamples/libDaisy//src/daisy_core.h **** #define S242F_SCALE 1.192092896e-07f  /**< 1 / (2 ** 23) */
  43:../DaisyExamples/libDaisy//src/daisy_core.h **** #define S24SIGN 0x800000              /**< 2 ** 23 */
  44:../DaisyExamples/libDaisy//src/daisy_core.h **** #define S322F_SCALE 4.6566129e-10f    /**< 1 / (2** 31) */
  45:../DaisyExamples/libDaisy//src/daisy_core.h **** #define F2S32_SCALE 2147483647.f      /**< (2 ** 31) - 1 */
  46:../DaisyExamples/libDaisy//src/daisy_core.h **** 
  47:../DaisyExamples/libDaisy//src/daisy_core.h **** 
  48:../DaisyExamples/libDaisy//src/daisy_core.h **** /** shorthand macro for simplifying the reading of the left 
  49:../DaisyExamples/libDaisy//src/daisy_core.h ****  *  channel of a non-interleaved output buffer named out */
  50:../DaisyExamples/libDaisy//src/daisy_core.h **** #define OUT_L out[0]
  51:../DaisyExamples/libDaisy//src/daisy_core.h **** 
  52:../DaisyExamples/libDaisy//src/daisy_core.h **** /** shorthand macro for simplifying the reading of the right 
  53:../DaisyExamples/libDaisy//src/daisy_core.h ****  *  channel of a non-interleaved output buffer named out */
  54:../DaisyExamples/libDaisy//src/daisy_core.h **** #define OUT_R out[1]
  55:../DaisyExamples/libDaisy//src/daisy_core.h **** 
  56:../DaisyExamples/libDaisy//src/daisy_core.h **** /** shorthand macro for simplifying the reading of the left 
  57:../DaisyExamples/libDaisy//src/daisy_core.h ****  *  channel of a non-interleaved input buffer named in */
  58:../DaisyExamples/libDaisy//src/daisy_core.h **** #define IN_L in[0]
  59:../DaisyExamples/libDaisy//src/daisy_core.h **** 
  60:../DaisyExamples/libDaisy//src/daisy_core.h **** /** shorthand macro for simplifying the reading of the right 
  61:../DaisyExamples/libDaisy//src/daisy_core.h ****  *  channel of a non-interleaved input buffer named in */
  62:../DaisyExamples/libDaisy//src/daisy_core.h **** #define IN_R in[1]
  63:../DaisyExamples/libDaisy//src/daisy_core.h **** 
  64:../DaisyExamples/libDaisy//src/daisy_core.h **** /** 
  65:../DaisyExamples/libDaisy//src/daisy_core.h ****     Computes cube.
  66:../DaisyExamples/libDaisy//src/daisy_core.h ****     \param x Number to be cubed
  67:../DaisyExamples/libDaisy//src/daisy_core.h ****     \return x ^ 3
  68:../DaisyExamples/libDaisy//src/daisy_core.h **** */
  69:../DaisyExamples/libDaisy//src/daisy_core.h **** FORCE_INLINE float cube(float x)
ARM GAS  /var/folders/41/s_9r3f9s4p3_9jgx7wszdkhh0000gn/T//cco5lEF9.s 			page 8


  70:../DaisyExamples/libDaisy//src/daisy_core.h **** {
  71:../DaisyExamples/libDaisy//src/daisy_core.h ****     return (x * x) * x;
  72:../DaisyExamples/libDaisy//src/daisy_core.h **** }
  73:../DaisyExamples/libDaisy//src/daisy_core.h **** 
  74:../DaisyExamples/libDaisy//src/daisy_core.h **** /** 
  75:../DaisyExamples/libDaisy//src/daisy_core.h ****     Converts unsigned 8-bit to float
  76:../DaisyExamples/libDaisy//src/daisy_core.h ****     \param x Number to be scaled.
  77:../DaisyExamples/libDaisy//src/daisy_core.h ****     \return Scaled number.
  78:../DaisyExamples/libDaisy//src/daisy_core.h **** */
  79:../DaisyExamples/libDaisy//src/daisy_core.h **** FORCE_INLINE float u82f(uint8_t x)
  80:../DaisyExamples/libDaisy//src/daisy_core.h **** {
  81:../DaisyExamples/libDaisy//src/daisy_core.h ****     return ((float)x - 127.f) * U82F_SCALE;
  82:../DaisyExamples/libDaisy//src/daisy_core.h **** }
  83:../DaisyExamples/libDaisy//src/daisy_core.h **** 
  84:../DaisyExamples/libDaisy//src/daisy_core.h **** /**
  85:../DaisyExamples/libDaisy//src/daisy_core.h ****     Converts float to unsigned 8-bit
  86:../DaisyExamples/libDaisy//src/daisy_core.h **** */
  87:../DaisyExamples/libDaisy//src/daisy_core.h **** FORCE_INLINE uint8_t f2u8(float x)
  88:../DaisyExamples/libDaisy//src/daisy_core.h **** {
  89:../DaisyExamples/libDaisy//src/daisy_core.h ****     x = x <= FBIPMIN ? FBIPMIN : x;
  90:../DaisyExamples/libDaisy//src/daisy_core.h ****     x = x >= FBIPMAX ? FBIPMAX : x;
  91:../DaisyExamples/libDaisy//src/daisy_core.h ****     return (uint8_t)((x * F2U8_SCALE) + F2U8_SCALE);
  92:../DaisyExamples/libDaisy//src/daisy_core.h **** }
  93:../DaisyExamples/libDaisy//src/daisy_core.h **** 
  94:../DaisyExamples/libDaisy//src/daisy_core.h **** 
  95:../DaisyExamples/libDaisy//src/daisy_core.h **** /** 
  96:../DaisyExamples/libDaisy//src/daisy_core.h ****     Converts Signed 8-bit to float
  97:../DaisyExamples/libDaisy//src/daisy_core.h ****     \param x Number to be scaled.
  98:../DaisyExamples/libDaisy//src/daisy_core.h ****     \return Scaled number.
  99:../DaisyExamples/libDaisy//src/daisy_core.h **** */
 100:../DaisyExamples/libDaisy//src/daisy_core.h **** FORCE_INLINE float s82f(int8_t x)
 101:../DaisyExamples/libDaisy//src/daisy_core.h **** {
 102:../DaisyExamples/libDaisy//src/daisy_core.h ****     return (float)x * S82F_SCALE;
 103:../DaisyExamples/libDaisy//src/daisy_core.h **** }
 104:../DaisyExamples/libDaisy//src/daisy_core.h **** 
 105:../DaisyExamples/libDaisy//src/daisy_core.h **** /**
 106:../DaisyExamples/libDaisy//src/daisy_core.h ****     Converts float to Signed 8-bit
 107:../DaisyExamples/libDaisy//src/daisy_core.h **** */
 108:../DaisyExamples/libDaisy//src/daisy_core.h **** FORCE_INLINE int8_t f2s8(float x)
 109:../DaisyExamples/libDaisy//src/daisy_core.h **** {
 110:../DaisyExamples/libDaisy//src/daisy_core.h ****     x = x <= FBIPMIN ? FBIPMIN : x;
 111:../DaisyExamples/libDaisy//src/daisy_core.h ****     x = x >= FBIPMAX ? FBIPMAX : x;
 112:../DaisyExamples/libDaisy//src/daisy_core.h ****     return (int32_t)(x * F2S8_SCALE);
 113:../DaisyExamples/libDaisy//src/daisy_core.h **** }
 114:../DaisyExamples/libDaisy//src/daisy_core.h **** 
 115:../DaisyExamples/libDaisy//src/daisy_core.h **** /** 
 116:../DaisyExamples/libDaisy//src/daisy_core.h ****     Converts Signed 16-bit to float
 117:../DaisyExamples/libDaisy//src/daisy_core.h ****     \param x Number to be scaled.
 118:../DaisyExamples/libDaisy//src/daisy_core.h ****     \return Scaled number.
 119:../DaisyExamples/libDaisy//src/daisy_core.h **** */
 120:../DaisyExamples/libDaisy//src/daisy_core.h **** FORCE_INLINE float s162f(int16_t x)
 121:../DaisyExamples/libDaisy//src/daisy_core.h **** {
 122:../DaisyExamples/libDaisy//src/daisy_core.h ****     return (float)x * S162F_SCALE;
 233              		.loc 2 122 12 is_stmt 0 view .LVU75
 234 00d2 17EE902A 		vmov	r2, s15	@ int
 235              	.LBE17:
 236              	.LBE16:
ARM GAS  /var/folders/41/s_9r3f9s4p3_9jgx7wszdkhh0000gn/T//cco5lEF9.s 			page 9


 237              		.loc 1 44 5 view .LVU76
 238 00d6 1BD0     		beq	.L15
  45:src/audio/sampleplayer.cpp ****         out = s162f(static_cast<int16_t>(interpolated));
  46:src/audio/sampleplayer.cpp ****     } else {
  47:src/audio/sampleplayer.cpp ****         out = s242f(interpolated);
 239              		.loc 1 47 9 is_stmt 1 view .LVU77
 240              	.LBB19:
 241              	.LBI19:
 123:../DaisyExamples/libDaisy//src/daisy_core.h **** }
 124:../DaisyExamples/libDaisy//src/daisy_core.h **** 
 125:../DaisyExamples/libDaisy//src/daisy_core.h **** /**
 126:../DaisyExamples/libDaisy//src/daisy_core.h ****     Converts float to Signed 16-bit
 127:../DaisyExamples/libDaisy//src/daisy_core.h **** */
 128:../DaisyExamples/libDaisy//src/daisy_core.h **** FORCE_INLINE int16_t f2s16(float x)
 129:../DaisyExamples/libDaisy//src/daisy_core.h **** {
 130:../DaisyExamples/libDaisy//src/daisy_core.h ****     x = x <= FBIPMIN ? FBIPMIN : x;
 131:../DaisyExamples/libDaisy//src/daisy_core.h ****     x = x >= FBIPMAX ? FBIPMAX : x;
 132:../DaisyExamples/libDaisy//src/daisy_core.h ****     return (int32_t)(x * F2S16_SCALE);
 133:../DaisyExamples/libDaisy//src/daisy_core.h **** }
 134:../DaisyExamples/libDaisy//src/daisy_core.h **** 
 135:../DaisyExamples/libDaisy//src/daisy_core.h **** /**
 136:../DaisyExamples/libDaisy//src/daisy_core.h ****     Converts Signed 24-bit to float
 137:../DaisyExamples/libDaisy//src/daisy_core.h ****  */
 138:../DaisyExamples/libDaisy//src/daisy_core.h **** FORCE_INLINE float s242f(int32_t x)
 242              		.loc 2 138 20 view .LVU78
 243              	.LBB20:
 139:../DaisyExamples/libDaisy//src/daisy_core.h **** {
 140:../DaisyExamples/libDaisy//src/daisy_core.h ****     x = (x ^ S24SIGN) - S24SIGN; //sign extend aka ((x<<8)>>8)
 244              		.loc 2 140 5 view .LVU79
 141:../DaisyExamples/libDaisy//src/daisy_core.h ****     return (float)x * S242F_SCALE;
 245              		.loc 2 141 5 view .LVU80
 140:../DaisyExamples/libDaisy//src/daisy_core.h ****     return (float)x * S242F_SCALE;
 246              		.loc 2 140 12 is_stmt 0 view .LVU81
 247 00d8 82F40002 		eor	r2, r2, #8388608
 140:../DaisyExamples/libDaisy//src/daisy_core.h ****     return (float)x * S242F_SCALE;
 248              		.loc 2 140 7 view .LVU82
 249 00dc A2F50002 		sub	r2, r2, #8388608
 250 00e0 07EE902A 		vmov	s15, r2	@ int
 251              	.LVL22:
 252              		.loc 2 141 23 view .LVU83
 253 00e4 FAEEE47A 		vcvt.f32.s32	s15, s15, #23
 254              	.LVL23:
 255              	.L8:
 256              		.loc 2 141 23 view .LVU84
 257 00e8 C1ED007A 		vstr.32	s15, [r1]
 258              	.LBE20:
 259              	.LBE19:
  48:src/audio/sampleplayer.cpp ****     }
  49:src/audio/sampleplayer.cpp **** 
  50:src/audio/sampleplayer.cpp ****     pos_ = (pos_ + samplePerStep);
 260              		.loc 1 50 5 is_stmt 1 view .LVU85
  51:src/audio/sampleplayer.cpp ****     if (pos_ > size_) pos_ = 0.0;
 261              		.loc 1 51 14 is_stmt 0 view .LVU86
 262 00ec 07EE903A 		vmov	s15, r3	@ int
  50:src/audio/sampleplayer.cpp ****     if (pos_ > size_) pos_ = 0.0;
 263              		.loc 1 50 20 view .LVU87
 264 00f0 90ED0A6A 		vldr.32	s12, [r0, #40]
ARM GAS  /var/folders/41/s_9r3f9s4p3_9jgx7wszdkhh0000gn/T//cco5lEF9.s 			page 10


 265              	.LVL24:
 266              		.loc 1 51 14 view .LVU88
 267 00f4 B8EE677B 		vcvt.f64.u32	d7, s15
 268              	.LVL25:
  50:src/audio/sampleplayer.cpp ****     if (pos_ > size_) pos_ = 0.0;
 269              		.loc 1 50 20 view .LVU89
 270 00f8 B7EEC66A 		vcvt.f64.f32	d6, s12
  50:src/audio/sampleplayer.cpp ****     if (pos_ > size_) pos_ = 0.0;
 271              		.loc 1 50 18 view .LVU90
 272 00fc 36EE055B 		vadd.f64	d5, d6, d5
 273              	.LVL26:
 274              		.loc 1 51 5 is_stmt 1 view .LVU91
 275 0100 B4EEC75B 		vcmpe.f64	d5, d7
 276 0104 F1EE10FA 		vmrs	APSR_nzcv, FPSCR
 277 0108 09DC     		bgt	.L9
  50:src/audio/sampleplayer.cpp ****     if (pos_ > size_) pos_ = 0.0;
 278              		.loc 1 50 10 is_stmt 0 view .LVU92
 279 010a 80ED085B 		vstr.64	d5, [r0, #32]
 280              	.LVL27:
  52:src/audio/sampleplayer.cpp **** }
 281              		.loc 1 52 1 view .LVU93
 282 010e F0BD     		pop	{r4, r5, r6, r7, pc}
 283              	.LVL28:
 284              	.L15:
  45:src/audio/sampleplayer.cpp ****     } else {
 285              		.loc 1 45 9 is_stmt 1 view .LVU94
 286              	.LBB21:
 287              	.LBI16:
 120:../DaisyExamples/libDaisy//src/daisy_core.h **** {
 288              		.loc 2 120 20 view .LVU95
 289              	.LBB18:
 122:../DaisyExamples/libDaisy//src/daisy_core.h **** }
 290              		.loc 2 122 5 view .LVU96
 122:../DaisyExamples/libDaisy//src/daisy_core.h **** }
 291              		.loc 2 122 12 is_stmt 0 view .LVU97
 292 0110 12B2     		sxth	r2, r2
 293              	.LVL29:
 122:../DaisyExamples/libDaisy//src/daisy_core.h **** }
 294              		.loc 2 122 12 view .LVU98
 295 0112 07EE902A 		vmov	s15, r2	@ int
 296              	.LVL30:
 122:../DaisyExamples/libDaisy//src/daisy_core.h **** }
 297              		.loc 2 122 23 view .LVU99
 298 0116 FAEEE87A 		vcvt.f32.s32	s15, s15, #15
 299              	.LBE18:
 300              	.LBE21:
 301 011a E5E7     		b	.L8
 302              	.LVL31:
 303              	.L12:
 304              		.cfi_def_cfa_offset 0
 305              		.cfi_restore 4
 306              		.cfi_restore 5
 307              		.cfi_restore 6
 308              		.cfi_restore 7
 309              		.cfi_restore 14
 122:../DaisyExamples/libDaisy//src/daisy_core.h **** }
 310              		.loc 2 122 23 view .LVU100
ARM GAS  /var/folders/41/s_9r3f9s4p3_9jgx7wszdkhh0000gn/T//cco5lEF9.s 			page 11


 311 011c 7047     		bx	lr
 312              	.LVL32:
 313              	.L9:
 314              		.cfi_def_cfa_offset 20
 315              		.cfi_offset 4, -20
 316              		.cfi_offset 5, -16
 317              		.cfi_offset 6, -12
 318              		.cfi_offset 7, -8
 319              		.cfi_offset 14, -4
  51:src/audio/sampleplayer.cpp **** }
 320              		.loc 1 51 23 is_stmt 1 discriminator 1 view .LVU101
  51:src/audio/sampleplayer.cpp **** }
 321              		.loc 1 51 28 is_stmt 0 discriminator 1 view .LVU102
 322 011e 0022     		movs	r2, #0
 323 0120 0023     		movs	r3, #0
 324              	.LVL33:
  51:src/audio/sampleplayer.cpp **** }
 325              		.loc 1 51 28 discriminator 1 view .LVU103
 326 0122 C0E90823 		strd	r2, [r0, #32]
 327              	.LVL34:
 328              		.loc 1 52 1 discriminator 1 view .LVU104
 329 0126 F0BD     		pop	{r4, r5, r6, r7, pc}
 330              		.loc 1 52 1 discriminator 1 view .LVU105
 331              		.cfi_endproc
 332              	.LFE2577:
 334              		.section	.text._ZN5daisy12SamplePlayer7ProcessERfS1_,"ax",%progbits
 335              		.align	1
 336              		.p2align 2,,3
 337              		.global	_ZN5daisy12SamplePlayer7ProcessERfS1_
 338              		.syntax unified
 339              		.thumb
 340              		.thumb_func
 342              	_ZN5daisy12SamplePlayer7ProcessERfS1_:
 343              	.LVL35:
 344              	.LFB2578:
  53:src/audio/sampleplayer.cpp **** 
  54:src/audio/sampleplayer.cpp **** void SamplePlayer::Process(float& outL, float& outR) {
 345              		.loc 1 54 54 is_stmt 1 view -0
 346              		.cfi_startproc
 347              		@ args = 0, pretend = 0, frame = 16
 348              		@ frame_needed = 0, uses_anonymous_args = 0
  55:src/audio/sampleplayer.cpp **** 
  56:src/audio/sampleplayer.cpp ****     int32_t *interp = new int32_t[2];
 349              		.loc 1 56 5 view .LVU107
  54:src/audio/sampleplayer.cpp **** 
 350              		.loc 1 54 54 is_stmt 0 view .LVU108
 351 0000 2DE9F04F 		push	{r4, r5, r6, r7, r8, r9, r10, fp, lr}
 352              		.cfi_def_cfa_offset 36
 353              		.cfi_offset 4, -36
 354              		.cfi_offset 5, -32
 355              		.cfi_offset 6, -28
 356              		.cfi_offset 7, -24
 357              		.cfi_offset 8, -20
 358              		.cfi_offset 9, -16
 359              		.cfi_offset 10, -12
 360              		.cfi_offset 11, -8
 361              		.cfi_offset 14, -4
ARM GAS  /var/folders/41/s_9r3f9s4p3_9jgx7wszdkhh0000gn/T//cco5lEF9.s 			page 12


 362 0004 0446     		mov	r4, r0
 363 0006 85B0     		sub	sp, sp, #20
 364              		.cfi_def_cfa_offset 56
 365              		.loc 1 56 36 view .LVU109
 366 0008 0820     		movs	r0, #8
 367              	.LVL36:
  54:src/audio/sampleplayer.cpp **** 
 368              		.loc 1 54 54 view .LVU110
 369 000a CDE90112 		strd	r1, r2, [sp, #4]
 370              		.loc 1 56 36 view .LVU111
 371 000e FFF7FEFF 		bl	_Znaj
 372              	.LVL37:
  57:src/audio/sampleplayer.cpp **** 
  58:src/audio/sampleplayer.cpp ****     if (!playing_) {
 373              		.loc 1 58 5 view .LVU112
 374 0012 637D     		ldrb	r3, [r4, #21]	@ zero_extendqisi2
 375              	.LVL38:
 376              		.loc 1 58 5 is_stmt 1 view .LVU113
 377 0014 002B     		cmp	r3, #0
 378 0016 00F0AC80 		beq	.L16
  59:src/audio/sampleplayer.cpp ****         return; // if its not playing then do nothing
  60:src/audio/sampleplayer.cpp ****     }
  61:src/audio/sampleplayer.cpp ****     
  62:src/audio/sampleplayer.cpp ****     int32_t pos_integral   = static_cast<int32_t>(pos_);
 379              		.loc 1 62 5 view .LVU114
 380              	.LBB22:
 381              	.LBB23:
  63:src/audio/sampleplayer.cpp ****     float   pos_fractional = pos_ - static_cast<float>(pos_integral);
  64:src/audio/sampleplayer.cpp **** 
  65:src/audio/sampleplayer.cpp ****     for (int i = 0; i < 2; i++) {
  66:src/audio/sampleplayer.cpp ****         int32_t     t     = (pos_integral + size_);
 382              		.loc 1 66 45 is_stmt 0 view .LVU115
 383 001a 2369     		ldr	r3, [r4, #16]
 384 001c A0F10409 		sub	r9, r0, #4
  67:src/audio/sampleplayer.cpp ****         int32_t     xm1   = wave->sample[i][(t - 1) % size_];
 385              		.loc 1 67 29 view .LVU116
 386 0020 2568     		ldr	r5, [r4]
 387              	.LBE23:
 388              	.LBE22:
  62:src/audio/sampleplayer.cpp ****     float   pos_fractional = pos_ - static_cast<float>(pos_integral);
 389              		.loc 1 62 51 view .LVU117
 390 0022 94ED087B 		vldr.64	d7, [r4, #32]
 391              	.LBB31:
 392              	.LBB24:
 393              		.loc 1 67 35 view .LVU118
 394 0026 D5F82CA1 		ldr	r10, [r5, #300]
 395              		.loc 1 67 29 view .LVU119
 396 002a 0395     		str	r5, [sp, #12]
 397              	.LBE24:
 398              	.LBE31:
  62:src/audio/sampleplayer.cpp ****     float   pos_fractional = pos_ - static_cast<float>(pos_integral);
 399              		.loc 1 62 13 view .LVU120
 400 002c FDEEC76B 		vcvt.s32.f64	s13, d7
 401              	.LVL39:
  63:src/audio/sampleplayer.cpp ****     float   pos_fractional = pos_ - static_cast<float>(pos_integral);
 402              		.loc 1 63 5 is_stmt 1 view .LVU121
 403 0030 AAF10408 		sub	r8, r10, #4
ARM GAS  /var/folders/41/s_9r3f9s4p3_9jgx7wszdkhh0000gn/T//cco5lEF9.s 			page 13


 404              	.LBB32:
 405              	.LBB25:
  66:src/audio/sampleplayer.cpp ****         int32_t     xm1   = wave->sample[i][(t - 1) % size_];
 406              		.loc 1 66 43 is_stmt 0 view .LVU122
 407 0034 16EE902A 		vmov	r2, s13	@ int
 408              	.LBE25:
 409              	.LBE32:
  63:src/audio/sampleplayer.cpp **** 
 410              		.loc 1 63 37 view .LVU123
 411 0038 B8EEE65A 		vcvt.f32.s32	s10, s13
 412              	.LBB33:
 413              	.LBB26:
  66:src/audio/sampleplayer.cpp ****         int32_t     xm1   = wave->sample[i][(t - 1) % size_];
 414              		.loc 1 66 43 view .LVU124
 415 003c 1A44     		add	r2, r2, r3
 416              	.LBE26:
 417              	.LBE33:
  63:src/audio/sampleplayer.cpp **** 
 418              		.loc 1 63 37 view .LVU125
 419 003e B7EEC55A 		vcvt.f64.f32	d5, s10
 420              	.LBB34:
 421              	.LBB27:
 422              		.loc 1 67 48 view .LVU126
 423 0042 561E     		subs	r6, r2, #1
  68:src/audio/sampleplayer.cpp ****         int32_t     x0    = wave->sample[i][(t) % size_];
  69:src/audio/sampleplayer.cpp ****         int32_t     x1    = wave->sample[i][(t + 1) % size_];
 424              		.loc 1 69 48 view .LVU127
 425 0044 02F1010E 		add	lr, r2, #1
  70:src/audio/sampleplayer.cpp ****         int32_t     x2    = wave->sample[i][(t + 2) % size_];
 426              		.loc 1 70 48 view .LVU128
 427 0048 02F1020C 		add	ip, r2, #2
 428              	.LBE27:
 429              	.LBE34:
  63:src/audio/sampleplayer.cpp **** 
 430              		.loc 1 63 35 view .LVU129
 431 004c 37EE457B 		vsub.f64	d7, d7, d5
 432              	.LBB35:
 433              	.LBB28:
  68:src/audio/sampleplayer.cpp ****         int32_t     x0    = wave->sample[i][(t) % size_];
 434              		.loc 1 68 49 view .LVU130
 435 0050 B2FBF3F1 		udiv	r1, r2, r3
 436 0054 03FB1122 		mls	r2, r3, r1, r2
 437              	.LBE28:
 438              	.LBE35:
  63:src/audio/sampleplayer.cpp **** 
 439              		.loc 1 63 13 view .LVU131
 440 0058 B7EEC76B 		vcvt.f32.f64	s12, d7
 441              	.LVL40:
  65:src/audio/sampleplayer.cpp ****         int32_t     t     = (pos_integral + size_);
 442              		.loc 1 65 5 is_stmt 1 view .LVU132
 443              	.LBB36:
  65:src/audio/sampleplayer.cpp ****         int32_t     t     = (pos_integral + size_);
 444              		.loc 1 65 23 view .LVU133
 445              	.LBB29:
  67:src/audio/sampleplayer.cpp ****         int32_t     x0    = wave->sample[i][(t) % size_];
 446              		.loc 1 67 53 is_stmt 0 view .LVU134
 447 005c B6FBF3F1 		udiv	r1, r6, r3
ARM GAS  /var/folders/41/s_9r3f9s4p3_9jgx7wszdkhh0000gn/T//cco5lEF9.s 			page 14


 448 0060 03FB1166 		mls	r6, r3, r1, r6
  68:src/audio/sampleplayer.cpp ****         int32_t     x1    = wave->sample[i][(t + 1) % size_];
 449              		.loc 1 68 56 view .LVU135
 450 0064 9200     		lsls	r2, r2, #2
  69:src/audio/sampleplayer.cpp ****         int32_t     x2    = wave->sample[i][(t + 2) % size_];
 451              		.loc 1 69 53 view .LVU136
 452 0066 BEFBF3F1 		udiv	r1, lr, r3
 453 006a 03FB11EE 		mls	lr, r3, r1, lr
  67:src/audio/sampleplayer.cpp ****         int32_t     x0    = wave->sample[i][(t) % size_];
 454              		.loc 1 67 60 view .LVU137
 455 006e B600     		lsls	r6, r6, #2
 456              		.loc 1 70 53 view .LVU138
 457 0070 BCFBF3F1 		udiv	r1, ip, r3
 458 0074 03FB11CC 		mls	ip, r3, r1, ip
  69:src/audio/sampleplayer.cpp ****         int32_t     x2    = wave->sample[i][(t + 2) % size_];
 459              		.loc 1 69 60 view .LVU139
 460 0078 4FEA8E0E 		lsl	lr, lr, #2
 461              		.loc 1 70 60 view .LVU140
 462 007c 4FEA8C0C 		lsl	ip, ip, #2
 463              	.LVL41:
 464              	.L19:
  66:src/audio/sampleplayer.cpp ****         int32_t     xm1   = wave->sample[i][(t - 1) % size_];
 465              		.loc 1 66 9 is_stmt 1 discriminator 2 view .LVU141
  67:src/audio/sampleplayer.cpp ****         int32_t     x0    = wave->sample[i][(t) % size_];
 466              		.loc 1 67 9 discriminator 2 view .LVU142
 467 0080 4746     		mov	r7, r8
  67:src/audio/sampleplayer.cpp ****         int32_t     x0    = wave->sample[i][(t) % size_];
 468              		.loc 1 67 43 is_stmt 0 discriminator 2 view .LVU143
 469 0082 58F8041F 		ldr	r1, [r8, #4]!
 470              	.LVL42:
  68:src/audio/sampleplayer.cpp ****         int32_t     x1    = wave->sample[i][(t + 1) % size_];
 471              		.loc 1 68 9 is_stmt 1 discriminator 2 view .LVU144
  71:src/audio/sampleplayer.cpp ****         const float c     = (x1 - xm1) * 0.5f;
  72:src/audio/sampleplayer.cpp ****         const float v     = x0 - x1;
  73:src/audio/sampleplayer.cpp ****         const float w     = c + v;
 472              		.loc 1 73 21 is_stmt 0 discriminator 2 view .LVU145
 473 0086 F6EE004A 		vmov.f32	s9, #5.0e-1
  68:src/audio/sampleplayer.cpp ****         int32_t     x1    = wave->sample[i][(t + 1) % size_];
 474              		.loc 1 68 21 discriminator 2 view .LVU146
 475 008a 8D58     		ldr	r5, [r1, r2]
 476              	.LVL43:
  69:src/audio/sampleplayer.cpp ****         int32_t     x2    = wave->sample[i][(t + 2) % size_];
 477              		.loc 1 69 9 is_stmt 1 discriminator 2 view .LVU147
 478              	.LBE29:
  65:src/audio/sampleplayer.cpp ****         int32_t     t     = (pos_integral + size_);
 479              		.loc 1 65 23 is_stmt 0 discriminator 2 view .LVU148
 480 008c BA45     		cmp	r10, r7
 481              	.LBB30:
  69:src/audio/sampleplayer.cpp ****         int32_t     x2    = wave->sample[i][(t + 2) % size_];
 482              		.loc 1 69 21 discriminator 2 view .LVU149
 483 008e 51F80E30 		ldr	r3, [r1, lr]
 484              	.LVL44:
  70:src/audio/sampleplayer.cpp ****         const float c     = (x1 - xm1) * 0.5f;
 485              		.loc 1 70 9 is_stmt 1 discriminator 2 view .LVU150
  71:src/audio/sampleplayer.cpp ****         const float v     = x0 - x1;
 486              		.loc 1 71 9 discriminator 2 view .LVU151
  71:src/audio/sampleplayer.cpp ****         const float v     = x0 - x1;
ARM GAS  /var/folders/41/s_9r3f9s4p3_9jgx7wszdkhh0000gn/T//cco5lEF9.s 			page 15


 487              		.loc 1 71 33 is_stmt 0 discriminator 2 view .LVU152
 488 0092 51F806B0 		ldr	fp, [r1, r6]
  74:src/audio/sampleplayer.cpp ****         const float a     = w + v + (x2 - x0) * 0.5f;
  75:src/audio/sampleplayer.cpp ****         const float b_neg = w + a;
  76:src/audio/sampleplayer.cpp ****         const float f     = pos_fractional;
  77:src/audio/sampleplayer.cpp ****         interp[i] = (((a * f) - b_neg) * f + c) * f + x0;
 489              		.loc 1 77 53 discriminator 2 view .LVU153
 490 0096 07EE905A 		vmov	s15, r5	@ int
  74:src/audio/sampleplayer.cpp ****         const float a     = w + v + (x2 - x0) * 0.5f;
 491              		.loc 1 74 41 discriminator 2 view .LVU154
 492 009a 51F80C10 		ldr	r1, [r1, ip]
 493              	.LVL45:
  71:src/audio/sampleplayer.cpp ****         const float v     = x0 - x1;
 494              		.loc 1 71 33 discriminator 2 view .LVU155
 495 009e A3EB0B0B 		sub	fp, r3, fp
 496              	.LVL46:
 497              		.loc 1 77 53 discriminator 2 view .LVU156
 498 00a2 F8EEE75A 		vcvt.f32.s32	s11, s15
  72:src/audio/sampleplayer.cpp ****         const float w     = c + v;
 499              		.loc 1 72 32 discriminator 2 view .LVU157
 500 00a6 A5EB0303 		sub	r3, r5, r3
 501              	.LVL47:
  74:src/audio/sampleplayer.cpp ****         const float a     = w + v + (x2 - x0) * 0.5f;
 502              		.loc 1 74 41 discriminator 2 view .LVU158
 503 00aa A1EB0501 		sub	r1, r1, r5
 504              	.LVL48:
  71:src/audio/sampleplayer.cpp ****         const float v     = x0 - x1;
 505              		.loc 1 71 40 discriminator 2 view .LVU159
 506 00ae 07EE90BA 		vmov	s15, fp	@ int
  74:src/audio/sampleplayer.cpp ****         const float a     = w + v + (x2 - x0) * 0.5f;
 507              		.loc 1 74 47 discriminator 2 view .LVU160
 508 00b2 07EE101A 		vmov	s14, r1	@ int
  71:src/audio/sampleplayer.cpp ****         const float v     = x0 - x1;
 509              		.loc 1 71 40 discriminator 2 view .LVU161
 510 00b6 F8EEE76A 		vcvt.f32.s32	s13, s15
 511              	.LVL49:
  72:src/audio/sampleplayer.cpp ****         const float w     = c + v;
 512              		.loc 1 72 9 is_stmt 1 discriminator 2 view .LVU162
  72:src/audio/sampleplayer.cpp ****         const float w     = c + v;
 513              		.loc 1 72 32 is_stmt 0 discriminator 2 view .LVU163
 514 00ba 07EE903A 		vmov	s15, r3	@ int
  74:src/audio/sampleplayer.cpp ****         const float a     = w + v + (x2 - x0) * 0.5f;
 515              		.loc 1 74 47 discriminator 2 view .LVU164
 516 00be B8EEC75A 		vcvt.f32.s32	s10, s14
  72:src/audio/sampleplayer.cpp ****         const float w     = c + v;
 517              		.loc 1 72 21 discriminator 2 view .LVU165
 518 00c2 F8EEE77A 		vcvt.f32.s32	s15, s15
 519              	.LVL50:
  73:src/audio/sampleplayer.cpp ****         const float a     = w + v + (x2 - x0) * 0.5f;
 520              		.loc 1 73 9 is_stmt 1 discriminator 2 view .LVU166
  73:src/audio/sampleplayer.cpp ****         const float a     = w + v + (x2 - x0) * 0.5f;
 521              		.loc 1 73 21 is_stmt 0 discriminator 2 view .LVU167
 522 00c6 B0EE677A 		vmov.f32	s14, s15
 523 00ca A6EEA47A 		vfma.f32	s14, s13, s9
 524              	.LVL51:
  74:src/audio/sampleplayer.cpp ****         const float a     = w + v + (x2 - x0) * 0.5f;
 525              		.loc 1 74 9 is_stmt 1 discriminator 2 view .LVU168
ARM GAS  /var/folders/41/s_9r3f9s4p3_9jgx7wszdkhh0000gn/T//cco5lEF9.s 			page 16


  74:src/audio/sampleplayer.cpp ****         const float a     = w + v + (x2 - x0) * 0.5f;
 526              		.loc 1 74 31 is_stmt 0 discriminator 2 view .LVU169
 527 00ce 77EE877A 		vadd.f32	s15, s15, s14
 528              	.LVL52:
  74:src/audio/sampleplayer.cpp ****         const float a     = w + v + (x2 - x0) * 0.5f;
 529              		.loc 1 74 21 discriminator 2 view .LVU170
 530 00d2 E5EE247A 		vfma.f32	s15, s10, s9
 531              	.LVL53:
  75:src/audio/sampleplayer.cpp ****         const float f     = pos_fractional;
 532              		.loc 1 75 9 is_stmt 1 discriminator 2 view .LVU171
  76:src/audio/sampleplayer.cpp ****         interp[i] = (((a * f) - b_neg) * f + c) * f + x0;
 533              		.loc 1 76 9 discriminator 2 view .LVU172
 534              		.loc 1 77 9 discriminator 2 view .LVU173
  75:src/audio/sampleplayer.cpp ****         const float f     = pos_fractional;
 535              		.loc 1 75 21 is_stmt 0 discriminator 2 view .LVU174
 536 00d6 37EE277A 		vadd.f32	s14, s14, s15
 537              	.LVL54:
 538              		.loc 1 77 31 discriminator 2 view .LVU175
 539 00da 96EE277A 		vfnms.f32	s14, s12, s15
 540              	.LVL55:
 541              		.loc 1 77 53 discriminator 2 view .LVU176
 542 00de F0EE657A 		vmov.f32	s15, s11
 543              	.LVL56:
 544              		.loc 1 77 40 discriminator 2 view .LVU177
 545 00e2 27EE067A 		vmul.f32	s14, s14, s12
 546              		.loc 1 77 44 discriminator 2 view .LVU178
 547 00e6 A6EEA47A 		vfma.f32	s14, s13, s9
 548              		.loc 1 77 53 discriminator 2 view .LVU179
 549 00ea E7EE067A 		vfma.f32	s15, s14, s12
 550              		.loc 1 77 19 discriminator 2 view .LVU180
 551 00ee FDEEE77A 		vcvt.s32.f32	s15, s15
 552 00f2 17EE903A 		vmov	r3, s15	@ int
 553              	.LVL57:
 554              		.loc 1 77 19 discriminator 2 view .LVU181
 555 00f6 49F8043F 		str	r3, [r9, #4]!
 556              	.LVL58:
 557              		.loc 1 77 19 discriminator 2 view .LVU182
 558              	.LBE30:
  65:src/audio/sampleplayer.cpp ****         int32_t     t     = (pos_integral + size_);
 559              		.loc 1 65 5 is_stmt 1 discriminator 2 view .LVU183
  65:src/audio/sampleplayer.cpp ****         int32_t     t     = (pos_integral + size_);
 560              		.loc 1 65 23 discriminator 2 view .LVU184
 561 00fa C1D1     		bne	.L19
 562              	.LBE36:
  78:src/audio/sampleplayer.cpp ****     }
  79:src/audio/sampleplayer.cpp **** 
  80:src/audio/sampleplayer.cpp ****     if (wave->format.BitPerSample == 16) {
 563              		.loc 1 80 5 view .LVU185
 564 00fc 039B     		ldr	r3, [sp, #12]
 565 00fe 5B8C     		ldrh	r3, [r3, #34]
 566 0100 102B     		cmp	r3, #16
 567 0102 39D0     		beq	.L27
  81:src/audio/sampleplayer.cpp ****         outL = s162f(static_cast<int16_t>(interp[0]));
  82:src/audio/sampleplayer.cpp ****         outR = s162f(static_cast<int16_t>(interp[1]));
  83:src/audio/sampleplayer.cpp ****     } else {
  84:src/audio/sampleplayer.cpp ****         outL = s242f(interp[0]);
 568              		.loc 1 84 9 view .LVU186
ARM GAS  /var/folders/41/s_9r3f9s4p3_9jgx7wszdkhh0000gn/T//cco5lEF9.s 			page 17


 569              	.LVL59:
 570              	.LBB37:
 571              	.LBI37:
 138:../DaisyExamples/libDaisy//src/daisy_core.h **** {
 572              		.loc 2 138 20 view .LVU187
 573              	.LBB38:
 140:../DaisyExamples/libDaisy//src/daisy_core.h ****     return (float)x * S242F_SCALE;
 574              		.loc 2 140 5 view .LVU188
 575              		.loc 2 141 5 view .LVU189
 140:../DaisyExamples/libDaisy//src/daisy_core.h ****     return (float)x * S242F_SCALE;
 576              		.loc 2 140 12 is_stmt 0 view .LVU190
 577 0104 0368     		ldr	r3, [r0]
 578              		.loc 2 141 23 view .LVU191
 579 0106 DFED296A 		vldr.32	s13, .L28
 580              	.LVL60:
 140:../DaisyExamples/libDaisy//src/daisy_core.h ****     return (float)x * S242F_SCALE;
 581              		.loc 2 140 12 view .LVU192
 582 010a 83F40003 		eor	r3, r3, #8388608
 140:../DaisyExamples/libDaisy//src/daisy_core.h ****     return (float)x * S242F_SCALE;
 583              		.loc 2 140 7 view .LVU193
 584 010e A3F50003 		sub	r3, r3, #8388608
 585              		.loc 2 141 12 view .LVU194
 586 0112 07EE903A 		vmov	s15, r3	@ int
 587              	.LBE38:
 588              	.LBE37:
 589              	.LBB41:
 590              	.LBB42:
 140:../DaisyExamples/libDaisy//src/daisy_core.h ****     return (float)x * S242F_SCALE;
 591              		.loc 2 140 12 view .LVU195
 592 0116 4368     		ldr	r3, [r0, #4]
 593 0118 83F40003 		eor	r3, r3, #8388608
 594              	.LBE42:
 595              	.LBE41:
 596              	.LBB48:
 597              	.LBB39:
 598              		.loc 2 141 12 view .LVU196
 599 011c B8EEE77A 		vcvt.f32.s32	s14, s15
 600              	.LBE39:
 601              	.LBE48:
 602              	.LBB49:
 603              	.LBB43:
 140:../DaisyExamples/libDaisy//src/daisy_core.h ****     return (float)x * S242F_SCALE;
 604              		.loc 2 140 7 view .LVU197
 605 0120 A3F50003 		sub	r3, r3, #8388608
 606              	.LBE43:
 607              	.LBE49:
 608              	.LBB50:
 609              	.LBB40:
 610              		.loc 2 141 23 view .LVU198
 611 0124 27EE267A 		vmul.f32	s14, s14, s13
 612              	.LBE40:
 613              	.LBE50:
 614              	.LBB51:
 615              	.LBB44:
 616              		.loc 2 141 12 view .LVU199
 617 0128 07EE903A 		vmov	s15, r3	@ int
 618              	.LBE44:
ARM GAS  /var/folders/41/s_9r3f9s4p3_9jgx7wszdkhh0000gn/T//cco5lEF9.s 			page 18


 619              	.LBE51:
 620              		.loc 1 84 14 view .LVU200
 621 012c 019B     		ldr	r3, [sp, #4]
 622              	.LBB52:
 623              	.LBB45:
 624              		.loc 2 141 12 view .LVU201
 625 012e F8EEE77A 		vcvt.f32.s32	s15, s15
 626              	.LBE45:
 627              	.LBE52:
 628              		.loc 1 84 14 view .LVU202
 629 0132 83ED007A 		vstr.32	s14, [r3]
  85:src/audio/sampleplayer.cpp ****         outR = s242f(interp[1]);
 630              		.loc 1 85 9 is_stmt 1 view .LVU203
 631              	.LVL61:
 632              	.LBB53:
 633              	.LBI41:
 138:../DaisyExamples/libDaisy//src/daisy_core.h **** {
 634              		.loc 2 138 20 view .LVU204
 635              	.LBB46:
 140:../DaisyExamples/libDaisy//src/daisy_core.h ****     return (float)x * S242F_SCALE;
 636              		.loc 2 140 5 view .LVU205
 637              		.loc 2 141 5 view .LVU206
 638              		.loc 2 141 5 is_stmt 0 view .LVU207
 639              	.LBE46:
 640              	.LBE53:
 641              		.loc 1 85 14 view .LVU208
 642 0136 029B     		ldr	r3, [sp, #8]
 643              	.LBB54:
 644              	.LBB47:
 645              		.loc 2 141 23 view .LVU209
 646 0138 67EEA67A 		vmul.f32	s15, s15, s13
 647              	.LBE47:
 648              	.LBE54:
 649              		.loc 1 85 14 view .LVU210
 650 013c C3ED007A 		vstr.32	s15, [r3]
 651              	.L21:
  86:src/audio/sampleplayer.cpp ****     }
  87:src/audio/sampleplayer.cpp **** 
  88:src/audio/sampleplayer.cpp ****     delete[] interp;
 652              		.loc 1 88 5 is_stmt 1 view .LVU211
 653              		.loc 1 88 14 is_stmt 0 view .LVU212
 654 0140 FFF7FEFF 		bl	_ZdaPv
 655              	.LVL62:
  89:src/audio/sampleplayer.cpp **** 
  90:src/audio/sampleplayer.cpp ****     pos_ = (pos_ + samplePerStep);
 656              		.loc 1 90 5 is_stmt 1 view .LVU213
 657              		.loc 1 90 20 is_stmt 0 view .LVU214
 658 0144 94ED0A7A 		vldr.32	s14, [r4, #40]
  91:src/audio/sampleplayer.cpp ****     if (pos_ > size_) pos_ = 0.0;
 659              		.loc 1 91 14 view .LVU215
 660 0148 D4ED046A 		vldr.32	s13, [r4, #16]	@ int
  90:src/audio/sampleplayer.cpp ****     if (pos_ > size_) pos_ = 0.0;
 661              		.loc 1 90 20 view .LVU216
 662 014c B7EEC77A 		vcvt.f64.f32	d7, s14
 663              		.loc 1 91 14 view .LVU217
 664 0150 B8EE666B 		vcvt.f64.u32	d6, s13
  90:src/audio/sampleplayer.cpp ****     if (pos_ > size_) pos_ = 0.0;
ARM GAS  /var/folders/41/s_9r3f9s4p3_9jgx7wszdkhh0000gn/T//cco5lEF9.s 			page 19


 665              		.loc 1 90 18 view .LVU218
 666 0154 94ED085B 		vldr.64	d5, [r4, #32]
 667 0158 37EE057B 		vadd.f64	d7, d7, d5
 668              		.loc 1 91 5 view .LVU219
 669 015c B4EEC67B 		vcmpe.f64	d7, d6
  90:src/audio/sampleplayer.cpp ****     if (pos_ > size_) pos_ = 0.0;
 670              		.loc 1 90 10 view .LVU220
 671 0160 84ED087B 		vstr.64	d7, [r4, #32]
 672              		.loc 1 91 5 is_stmt 1 view .LVU221
 673 0164 F1EE10FA 		vmrs	APSR_nzcv, FPSCR
 674 0168 03DD     		ble	.L16
 675              		.loc 1 91 23 discriminator 1 view .LVU222
 676              		.loc 1 91 28 is_stmt 0 discriminator 1 view .LVU223
 677 016a 0022     		movs	r2, #0
 678 016c 0023     		movs	r3, #0
 679 016e C4E90823 		strd	r2, [r4, #32]
 680              	.LVL63:
 681              	.L16:
  92:src/audio/sampleplayer.cpp **** }
 682              		.loc 1 92 1 view .LVU224
 683 0172 05B0     		add	sp, sp, #20
 684              		.cfi_remember_state
 685              		.cfi_def_cfa_offset 36
 686              		@ sp needed
 687 0174 BDE8F08F 		pop	{r4, r5, r6, r7, r8, r9, r10, fp, pc}
 688              	.LVL64:
 689              	.L27:
 690              		.cfi_restore_state
  81:src/audio/sampleplayer.cpp ****         outR = s162f(static_cast<int16_t>(interp[1]));
 691              		.loc 1 81 9 is_stmt 1 view .LVU225
 692              	.LBB55:
 693              	.LBI55:
 120:../DaisyExamples/libDaisy//src/daisy_core.h **** {
 694              		.loc 2 120 20 view .LVU226
 695              	.LBB56:
 122:../DaisyExamples/libDaisy//src/daisy_core.h **** }
 696              		.loc 2 122 5 view .LVU227
 122:../DaisyExamples/libDaisy//src/daisy_core.h **** }
 697              		.loc 2 122 12 is_stmt 0 view .LVU228
 698 0178 B0F90030 		ldrsh	r3, [r0]
 122:../DaisyExamples/libDaisy//src/daisy_core.h **** }
 699              		.loc 2 122 23 view .LVU229
 700 017c DFED0C6A 		vldr.32	s13, .L28+4
 701              	.LVL65:
 122:../DaisyExamples/libDaisy//src/daisy_core.h **** }
 702              		.loc 2 122 12 view .LVU230
 703 0180 07EE103A 		vmov	s14, r3	@ int
 704              	.LBE56:
 705              	.LBE55:
 706              	.LBB59:
 707              	.LBB60:
 708 0184 B0F90430 		ldrsh	r3, [r0, #4]
 709              	.LBE60:
 710              	.LBE59:
 711              	.LBB65:
 712              	.LBB57:
 713 0188 B8EEC77A 		vcvt.f32.s32	s14, s14
ARM GAS  /var/folders/41/s_9r3f9s4p3_9jgx7wszdkhh0000gn/T//cco5lEF9.s 			page 20


 714              	.LBE57:
 715              	.LBE65:
 716              	.LBB66:
 717              	.LBB61:
 718 018c 07EE903A 		vmov	s15, r3	@ int
 719              	.LBE61:
 720              	.LBE66:
  81:src/audio/sampleplayer.cpp ****         outR = s162f(static_cast<int16_t>(interp[1]));
 721              		.loc 1 81 14 view .LVU231
 722 0190 019B     		ldr	r3, [sp, #4]
 723              	.LBB67:
 724              	.LBB62:
 122:../DaisyExamples/libDaisy//src/daisy_core.h **** }
 725              		.loc 2 122 12 view .LVU232
 726 0192 F8EEE77A 		vcvt.f32.s32	s15, s15
 727              	.LBE62:
 728              	.LBE67:
 729              	.LBB68:
 730              	.LBB58:
 122:../DaisyExamples/libDaisy//src/daisy_core.h **** }
 731              		.loc 2 122 23 view .LVU233
 732 0196 27EE267A 		vmul.f32	s14, s14, s13
 733              	.LBE58:
 734              	.LBE68:
 735              	.LBB69:
 736              	.LBB63:
 737 019a 67EEA67A 		vmul.f32	s15, s15, s13
 738              	.LBE63:
 739              	.LBE69:
  81:src/audio/sampleplayer.cpp ****         outR = s162f(static_cast<int16_t>(interp[1]));
 740              		.loc 1 81 14 view .LVU234
 741 019e 83ED007A 		vstr.32	s14, [r3]
  82:src/audio/sampleplayer.cpp ****     } else {
 742              		.loc 1 82 9 is_stmt 1 view .LVU235
 743              	.LVL66:
 744              	.LBB70:
 745              	.LBI59:
 120:../DaisyExamples/libDaisy//src/daisy_core.h **** {
 746              		.loc 2 120 20 view .LVU236
 747              	.LBB64:
 122:../DaisyExamples/libDaisy//src/daisy_core.h **** }
 748              		.loc 2 122 5 view .LVU237
 122:../DaisyExamples/libDaisy//src/daisy_core.h **** }
 749              		.loc 2 122 5 is_stmt 0 view .LVU238
 750              	.LBE64:
 751              	.LBE70:
  82:src/audio/sampleplayer.cpp ****     } else {
 752              		.loc 1 82 14 view .LVU239
 753 01a2 029B     		ldr	r3, [sp, #8]
 754 01a4 C3ED007A 		vstr.32	s15, [r3]
 755 01a8 CAE7     		b	.L21
 756              	.L29:
 757 01aa 00BF     		.align	2
 758              	.L28:
 759 01ac 00000034 		.word	872415232
 760 01b0 00000038 		.word	939524096
 761              		.cfi_endproc
ARM GAS  /var/folders/41/s_9r3f9s4p3_9jgx7wszdkhh0000gn/T//cco5lEF9.s 			page 21


 762              	.LFE2578:
 764              		.text
 765              	.Letext0:
 766              		.file 3 "/Library/DaisyToolchain/0.2.0/arm/arm-none-eabi/include/machine/_default_types.h"
 767              		.file 4 "/Library/DaisyToolchain/0.2.0/arm/arm-none-eabi/include/sys/_stdint.h"
 768              		.file 5 "/Library/DaisyToolchain/0.2.0/arm/arm-none-eabi/include/stdint.h"
 769              		.file 6 "/Library/DaisyToolchain/0.2.0/arm/lib/gcc/arm-none-eabi/10.3.1/include/stddef.h"
 770              		.file 7 "/Library/DaisyToolchain/0.2.0/arm/arm-none-eabi/include/c++/10.3.1/cmath"
 771              		.file 8 "/Library/DaisyToolchain/0.2.0/arm/arm-none-eabi/include/c++/10.3.1/bits/std_abs.h"
 772              		.file 9 "/Library/DaisyToolchain/0.2.0/arm/arm-none-eabi/include/c++/10.3.1/cstring"
 773              		.file 10 "/Library/DaisyToolchain/0.2.0/arm/arm-none-eabi/include/c++/10.3.1/cstdlib"
 774              		.file 11 "/Library/DaisyToolchain/0.2.0/arm/arm-none-eabi/include/c++/10.3.1/cstdint"
 775              		.file 12 "/Library/DaisyToolchain/0.2.0/arm/arm-none-eabi/include/c++/10.3.1/type_traits"
 776              		.file 13 "/Library/DaisyToolchain/0.2.0/arm/arm-none-eabi/include/c++/10.3.1/debug/debug.h"
 777              		.file 14 "/Library/DaisyToolchain/0.2.0/arm/arm-none-eabi/include/c++/10.3.1/arm-none-eabi/thumb/v
 778              		.file 15 "/Library/DaisyToolchain/0.2.0/arm/arm-none-eabi/include/c++/10.3.1/bits/algorithmfwd.h"
 779              		.file 16 "/Library/DaisyToolchain/0.2.0/arm/arm-none-eabi/include/c++/10.3.1/bits/stl_pair.h"
 780              		.file 17 "/Library/DaisyToolchain/0.2.0/arm/arm-none-eabi/include/c++/10.3.1/bits/exception_ptr.h"
 781              		.file 18 "/Library/DaisyToolchain/0.2.0/arm/arm-none-eabi/include/c++/10.3.1/cstdarg"
 782              		.file 19 "/Library/DaisyToolchain/0.2.0/arm/arm-none-eabi/include/c++/10.3.1/cstdio"
 783              		.file 20 "/Library/DaisyToolchain/0.2.0/arm/arm-none-eabi/include/c++/10.3.1/bits/predefined_ops.h
 784              		.file 21 "/Library/DaisyToolchain/0.2.0/arm/arm-none-eabi/include/sys/_types.h"
 785              		.file 22 "/Library/DaisyToolchain/0.2.0/arm/arm-none-eabi/include/sys/reent.h"
 786              		.file 23 "/Library/DaisyToolchain/0.2.0/arm/arm-none-eabi/include/sys/lock.h"
 787              		.file 24 "/Library/DaisyToolchain/0.2.0/arm/arm-none-eabi/include/math.h"
 788              		.file 25 "/Library/DaisyToolchain/0.2.0/arm/arm-none-eabi/include/stdlib.h"
 789              		.file 26 "/Library/DaisyToolchain/0.2.0/arm/arm-none-eabi/include/c++/10.3.1/math.h"
 790              		.file 27 "/Library/DaisyToolchain/0.2.0/arm/arm-none-eabi/include/string.h"
 791              		.file 28 "/Library/DaisyToolchain/0.2.0/arm/arm-none-eabi/include/c++/10.3.1/stdlib.h"
 792              		.file 29 "../DaisyExamples/libDaisy//src/util/wav_format.h"
 793              		.file 30 "../DaisyExamples/libDaisy//src/dev/max11300.h"
 794              		.file 31 "../DaisyExamples/libDaisy//src/daisy_seed.h"
 795              		.file 32 "src/audio/sampleplayer.h"
 796              		.file 33 "/Library/DaisyToolchain/0.2.0/arm/lib/gcc/arm-none-eabi/10.3.1/include/stdarg.h"
 797              		.file 34 "/Library/DaisyToolchain/0.2.0/arm/arm-none-eabi/include/stdio.h"
 798              		.file 35 "/Library/DaisyToolchain/0.2.0/arm/arm-none-eabi/include/c++/10.3.1/new"
 799              		.file 36 "<built-in>"
 800              		.file 37 "../DaisyExamples/libDaisy//src/dev/sr_595.h"
ARM GAS  /var/folders/41/s_9r3f9s4p3_9jgx7wszdkhh0000gn/T//cco5lEF9.s 			page 22


DEFINED SYMBOLS
                            *ABS*:0000000000000000 sampleplayer.cpp
/var/folders/41/s_9r3f9s4p3_9jgx7wszdkhh0000gn/T//cco5lEF9.s:19     .text._ZN5daisy12SamplePlayer4InitEPKjf:0000000000000000 $t
/var/folders/41/s_9r3f9s4p3_9jgx7wszdkhh0000gn/T//cco5lEF9.s:26     .text._ZN5daisy12SamplePlayer4InitEPKjf:0000000000000000 _ZN5daisy12SamplePlayer4InitEPKjf
/var/folders/41/s_9r3f9s4p3_9jgx7wszdkhh0000gn/T//cco5lEF9.s:50     .text._ZN5daisy12SamplePlayer12DeinterleaveEv:0000000000000000 $t
/var/folders/41/s_9r3f9s4p3_9jgx7wszdkhh0000gn/T//cco5lEF9.s:57     .text._ZN5daisy12SamplePlayer12DeinterleaveEv:0000000000000000 _ZN5daisy12SamplePlayer12DeinterleaveEv
/var/folders/41/s_9r3f9s4p3_9jgx7wszdkhh0000gn/T//cco5lEF9.s:71     .text._ZN5daisy12SamplePlayer7ProcessERf:0000000000000000 $t
/var/folders/41/s_9r3f9s4p3_9jgx7wszdkhh0000gn/T//cco5lEF9.s:78     .text._ZN5daisy12SamplePlayer7ProcessERf:0000000000000000 _ZN5daisy12SamplePlayer7ProcessERf
/var/folders/41/s_9r3f9s4p3_9jgx7wszdkhh0000gn/T//cco5lEF9.s:335    .text._ZN5daisy12SamplePlayer7ProcessERfS1_:0000000000000000 $t
/var/folders/41/s_9r3f9s4p3_9jgx7wszdkhh0000gn/T//cco5lEF9.s:342    .text._ZN5daisy12SamplePlayer7ProcessERfS1_:0000000000000000 _ZN5daisy12SamplePlayer7ProcessERfS1_
/var/folders/41/s_9r3f9s4p3_9jgx7wszdkhh0000gn/T//cco5lEF9.s:759    .text._ZN5daisy12SamplePlayer7ProcessERfS1_:00000000000001ac $d

UNDEFINED SYMBOLS
_Znaj
_ZdaPv
